This file contains any messages produced by compilers while
running configure, to aid debugging if configure makes a mistake.

It was created by enigma configure 1.21, which was
generated by GNU Autoconf 2.68.  Invocation command line was

  $ ./configure --build=i686 --host=mipsel-gcw0-linux-uclibc --includedir=/opt/gcw0-toolchain/usr/mipsel-gcw0-linux-uclibc/sysroot/usr/include --prefix=/opt/gcw0-toolchain/usr/mipsel-gcw0-linux-uclibc/sysroot/usr --sysconfdir=/opt/gcw0-toolchain/etc --with-sysroot=/opt/gcw0-toolchain/usr/mipsel-gcw0-linux-uclibc/sysroot --with-sdl-exec-prefix=/opt/gcw0-toolchain/usr/mipsel-gcw0-linux-uclibc/sysroot/usr

## --------- ##
## Platform. ##
## --------- ##

hostname = lappy
uname -m = i686
uname -r = 3.8.0-19-generic
uname -s = Linux
uname -v = #30~precise1-Ubuntu SMP Wed May 1 22:39:29 UTC 2013

/usr/bin/uname -p = unknown
/bin/uname -X     = unknown

/bin/arch              = unknown
/usr/bin/arch -k       = unknown
/usr/convex/getsysinfo = unknown
/usr/bin/hostinfo      = unknown
/bin/machine           = unknown
/usr/bin/oslevel       = unknown
/bin/universe          = unknown

PATH: /usr/bin
PATH: /usr/local/sbin
PATH: /usr/local/bin
PATH: /usr/sbin
PATH: /usr/bin
PATH: /sbin
PATH: /bin
PATH: /usr/games


## ----------- ##
## Core tests. ##
## ----------- ##

configure:2535: checking build system type
configure:2549: result: i686-pc-none
configure:2569: checking host system type
configure:2582: result: mipsel-gcw0-linux-uclibc
configure:2602: checking target system type
configure:2615: result: mipsel-gcw0-linux-uclibc
configure:2660: checking for a BSD-compatible install
configure:2728: result: /usr/bin/install -c
configure:2739: checking whether build environment is sane
configure:2789: result: yes
configure:2838: checking for mipsel-gcw0-linux-uclibc-strip
configure:2868: result: no
configure:2878: checking for strip
configure:2894: found /usr/bin/strip
configure:2905: result: strip
configure:2917: WARNING: using cross tools not prefixed with host triplet
configure:2930: checking for a thread-safe mkdir -p
configure:2969: result: /bin/mkdir -p
configure:2982: checking for gawk
configure:3012: result: no
configure:2982: checking for mawk
configure:2998: found /usr/bin/mawk
configure:3009: result: mawk
configure:3020: checking whether make sets $(MAKE)
configure:3042: result: yes
configure:3127: checking for style of include used by make
configure:3155: result: GNU
configure:3186: checking for mipsel-gcw0-linux-uclibc-gcc
configure:3216: result: no
configure:3226: checking for gcc
configure:3242: found /usr/bin/gcc
configure:3253: result: gcc
configure:3482: checking for C compiler version
configure:3491: gcc --version >&5
gcc (Ubuntu/Linaro 4.6.3-1ubuntu5) 4.6.3
Copyright (C) 2011 Free Software Foundation, Inc.
This is free software; see the source for copying conditions.  There is NO
warranty; not even for MERCHANTABILITY or FITNESS FOR A PARTICULAR PURPOSE.

configure:3502: $? = 0
configure:3491: gcc -v >&5
Using built-in specs.
COLLECT_GCC=gcc
COLLECT_LTO_WRAPPER=/usr/lib/gcc/i686-linux-gnu/4.6/lto-wrapper
Target: i686-linux-gnu
Configured with: ../src/configure -v --with-pkgversion='Ubuntu/Linaro 4.6.3-1ubuntu5' --with-bugurl=file:///usr/share/doc/gcc-4.6/README.Bugs --enable-languages=c,c++,fortran,objc,obj-c++ --prefix=/usr --program-suffix=-4.6 --enable-shared --enable-linker-build-id --with-system-zlib --libexecdir=/usr/lib --without-included-gettext --enable-threads=posix --with-gxx-include-dir=/usr/include/c++/4.6 --libdir=/usr/lib --enable-nls --with-sysroot=/ --enable-clocale=gnu --enable-libstdcxx-debug --enable-libstdcxx-time=yes --enable-gnu-unique-object --enable-plugin --enable-objc-gc --enable-targets=all --disable-werror --with-arch-32=i686 --with-tune=generic --enable-checking=release --build=i686-linux-gnu --host=i686-linux-gnu --target=i686-linux-gnu
Thread model: posix
gcc version 4.6.3 (Ubuntu/Linaro 4.6.3-1ubuntu5) 
configure:3502: $? = 0
configure:3491: gcc -V >&5
gcc: error: unrecognized option '-V'
gcc: fatal error: no input files
compilation terminated.
configure:3502: $? = 4
configure:3491: gcc -qversion >&5
gcc: error: unrecognized option '-qversion'
gcc: fatal error: no input files
compilation terminated.
configure:3502: $? = 4
configure:3522: checking whether the C compiler works
configure:3544: gcc    conftest.c  >&5
configure:3548: $? = 0
configure:3596: result: yes
configure:3599: checking for C compiler default output file name
configure:3601: result: a.out
configure:3607: checking for suffix of executables
configure:3614: gcc -o conftest    conftest.c  >&5
configure:3618: $? = 0
configure:3640: result: 
configure:3662: checking whether we are cross compiling
configure:3700: result: yes
configure:3705: checking for suffix of object files
configure:3727: gcc -c   conftest.c >&5
configure:3731: $? = 0
configure:3752: result: o
configure:3756: checking whether we are using the GNU C compiler
configure:3775: gcc -c   conftest.c >&5
configure:3775: $? = 0
configure:3784: result: yes
configure:3793: checking whether gcc accepts -g
configure:3813: gcc -c -g  conftest.c >&5
configure:3813: $? = 0
configure:3854: result: yes
configure:3871: checking for gcc option to accept ISO C89
configure:3935: gcc  -c -g -O2  conftest.c >&5
configure:3935: $? = 0
configure:3948: result: none needed
configure:3970: checking dependency style of gcc
configure:4081: result: gcc3
configure:4102: checking how to run the C preprocessor
configure:4133: gcc -E  conftest.c
configure:4133: $? = 0
configure:4147: gcc -E  conftest.c
conftest.c:9:28: fatal error: ac_nonexistent.h: No such file or directory
compilation terminated.
configure:4147: $? = 1
configure: failed program was:
| /* confdefs.h */
| #define PACKAGE_NAME "enigma"
| #define PACKAGE_TARNAME "enigma"
| #define PACKAGE_VERSION "1.21"
| #define PACKAGE_STRING "enigma 1.21"
| #define PACKAGE_BUGREPORT ""
| #define PACKAGE_URL ""
| /* end confdefs.h.  */
| #include <ac_nonexistent.h>
configure:4172: result: gcc -E
configure:4192: gcc -E  conftest.c
configure:4192: $? = 0
configure:4206: gcc -E  conftest.c
conftest.c:9:28: fatal error: ac_nonexistent.h: No such file or directory
compilation terminated.
configure:4206: $? = 1
configure: failed program was:
| /* confdefs.h */
| #define PACKAGE_NAME "enigma"
| #define PACKAGE_TARNAME "enigma"
| #define PACKAGE_VERSION "1.21"
| #define PACKAGE_STRING "enigma 1.21"
| #define PACKAGE_BUGREPORT ""
| #define PACKAGE_URL ""
| /* end confdefs.h.  */
| #include <ac_nonexistent.h>
configure:4235: checking for grep that handles long lines and -e
configure:4293: result: /bin/grep
configure:4298: checking for egrep
configure:4360: result: /bin/grep -E
configure:4365: checking for ANSI C header files
configure:4385: gcc -c -g -O2  conftest.c >&5
configure:4385: $? = 0
configure:4469: result: yes
configure:4482: checking for sys/types.h
configure:4482: gcc -c -g -O2  conftest.c >&5
configure:4482: $? = 0
configure:4482: result: yes
configure:4482: checking for sys/stat.h
configure:4482: gcc -c -g -O2  conftest.c >&5
configure:4482: $? = 0
configure:4482: result: yes
configure:4482: checking for stdlib.h
configure:4482: gcc -c -g -O2  conftest.c >&5
configure:4482: $? = 0
configure:4482: result: yes
configure:4482: checking for string.h
configure:4482: gcc -c -g -O2  conftest.c >&5
configure:4482: $? = 0
configure:4482: result: yes
configure:4482: checking for memory.h
configure:4482: gcc -c -g -O2  conftest.c >&5
configure:4482: $? = 0
configure:4482: result: yes
configure:4482: checking for strings.h
configure:4482: gcc -c -g -O2  conftest.c >&5
configure:4482: $? = 0
configure:4482: result: yes
configure:4482: checking for inttypes.h
configure:4482: gcc -c -g -O2  conftest.c >&5
configure:4482: $? = 0
configure:4482: result: yes
configure:4482: checking for stdint.h
configure:4482: gcc -c -g -O2  conftest.c >&5
configure:4482: $? = 0
configure:4482: result: yes
configure:4482: checking for unistd.h
configure:4482: gcc -c -g -O2  conftest.c >&5
configure:4482: $? = 0
configure:4482: result: yes
configure:4495: checking minix/config.h usability
configure:4495: gcc -c -g -O2  conftest.c >&5
conftest.c:52:26: fatal error: minix/config.h: No such file or directory
compilation terminated.
configure:4495: $? = 1
configure: failed program was:
| /* confdefs.h */
| #define PACKAGE_NAME "enigma"
| #define PACKAGE_TARNAME "enigma"
| #define PACKAGE_VERSION "1.21"
| #define PACKAGE_STRING "enigma 1.21"
| #define PACKAGE_BUGREPORT ""
| #define PACKAGE_URL ""
| #define STDC_HEADERS 1
| #define HAVE_SYS_TYPES_H 1
| #define HAVE_SYS_STAT_H 1
| #define HAVE_STDLIB_H 1
| #define HAVE_STRING_H 1
| #define HAVE_MEMORY_H 1
| #define HAVE_STRINGS_H 1
| #define HAVE_INTTYPES_H 1
| #define HAVE_STDINT_H 1
| #define HAVE_UNISTD_H 1
| /* end confdefs.h.  */
| #include <stdio.h>
| #ifdef HAVE_SYS_TYPES_H
| # include <sys/types.h>
| #endif
| #ifdef HAVE_SYS_STAT_H
| # include <sys/stat.h>
| #endif
| #ifdef STDC_HEADERS
| # include <stdlib.h>
| # include <stddef.h>
| #else
| # ifdef HAVE_STDLIB_H
| #  include <stdlib.h>
| # endif
| #endif
| #ifdef HAVE_STRING_H
| # if !defined STDC_HEADERS && defined HAVE_MEMORY_H
| #  include <memory.h>
| # endif
| # include <string.h>
| #endif
| #ifdef HAVE_STRINGS_H
| # include <strings.h>
| #endif
| #ifdef HAVE_INTTYPES_H
| # include <inttypes.h>
| #endif
| #ifdef HAVE_STDINT_H
| # include <stdint.h>
| #endif
| #ifdef HAVE_UNISTD_H
| # include <unistd.h>
| #endif
| #include <minix/config.h>
configure:4495: result: no
configure:4495: checking minix/config.h presence
configure:4495: gcc -E  conftest.c
conftest.c:19:26: fatal error: minix/config.h: No such file or directory
compilation terminated.
configure:4495: $? = 1
configure: failed program was:
| /* confdefs.h */
| #define PACKAGE_NAME "enigma"
| #define PACKAGE_TARNAME "enigma"
| #define PACKAGE_VERSION "1.21"
| #define PACKAGE_STRING "enigma 1.21"
| #define PACKAGE_BUGREPORT ""
| #define PACKAGE_URL ""
| #define STDC_HEADERS 1
| #define HAVE_SYS_TYPES_H 1
| #define HAVE_SYS_STAT_H 1
| #define HAVE_STDLIB_H 1
| #define HAVE_STRING_H 1
| #define HAVE_MEMORY_H 1
| #define HAVE_STRINGS_H 1
| #define HAVE_INTTYPES_H 1
| #define HAVE_STDINT_H 1
| #define HAVE_UNISTD_H 1
| /* end confdefs.h.  */
| #include <minix/config.h>
configure:4495: result: no
configure:4495: checking for minix/config.h
configure:4495: result: no
configure:4516: checking whether it is safe to define __EXTENSIONS__
configure:4534: gcc -c -g -O2  conftest.c >&5
configure:4534: $? = 0
configure:4541: result: yes
configure:4573: checking whether NLS is requested
configure:4582: result: yes
configure:4620: checking for msgfmt
configure:4654: result: no
configure:4660: checking for gmsgfmt
configure:4691: result: :
configure:4731: checking for xgettext
configure:4765: result: no
configure:4802: checking for msgmerge
configure:4835: result: no
configure:4870: checking for mipsel-gcw0-linux-uclibc-ranlib
configure:4900: result: no
configure:4910: checking for ranlib
configure:4926: found /usr/bin/ranlib
configure:4937: result: ranlib
configure:4960: checking for strerror in -lcposix
configure:4985: gcc -o conftest -g -O2   conftest.c -lcposix   >&5
/usr/bin/ld: cannot find -lcposix
collect2: ld returned 1 exit status
configure:4985: $? = 1
configure: failed program was:
| /* confdefs.h */
| #define PACKAGE_NAME "enigma"
| #define PACKAGE_TARNAME "enigma"
| #define PACKAGE_VERSION "1.21"
| #define PACKAGE_STRING "enigma 1.21"
| #define PACKAGE_BUGREPORT ""
| #define PACKAGE_URL ""
| #define STDC_HEADERS 1
| #define HAVE_SYS_TYPES_H 1
| #define HAVE_SYS_STAT_H 1
| #define HAVE_STDLIB_H 1
| #define HAVE_STRING_H 1
| #define HAVE_MEMORY_H 1
| #define HAVE_STRINGS_H 1
| #define HAVE_INTTYPES_H 1
| #define HAVE_STDINT_H 1
| #define HAVE_UNISTD_H 1
| #define __EXTENSIONS__ 1
| #define _ALL_SOURCE 1
| #define _GNU_SOURCE 1
| #define _POSIX_PTHREAD_SEMANTICS 1
| #define _TANDEM_SOURCE 1
| /* end confdefs.h.  */
| 
| /* Override any GCC internal prototype to avoid an error.
|    Use char because int might match the return type of a GCC
|    builtin and then its argument prototype would still apply.  */
| #ifdef __cplusplus
| extern "C"
| #endif
| char strerror ();
| int
| main ()
| {
| return strerror ();
|   ;
|   return 0;
| }
configure:4994: result: no
configure:5002: checking for an ANSI C-conforming const
configure:5067: gcc -c -g -O2  conftest.c >&5
configure:5067: $? = 0
configure:5074: result: yes
configure:5083: checking for signed
configure:5099: gcc -c -g -O2  conftest.c >&5
configure:5099: $? = 0
configure:5106: result: yes
configure:5114: checking for inline
configure:5130: gcc -c -g -O2  conftest.c >&5
configure:5130: $? = 0
configure:5138: result: inline
configure:5156: checking for off_t
configure:5156: gcc -c -g -O2  conftest.c >&5
configure:5156: $? = 0
configure:5156: gcc -c -g -O2  conftest.c >&5
conftest.c: In function 'main':
conftest.c:60:20: error: expected expression before ')' token
configure:5156: $? = 1
configure: failed program was:
| /* confdefs.h */
| #define PACKAGE_NAME "enigma"
| #define PACKAGE_TARNAME "enigma"
| #define PACKAGE_VERSION "1.21"
| #define PACKAGE_STRING "enigma 1.21"
| #define PACKAGE_BUGREPORT ""
| #define PACKAGE_URL ""
| #define STDC_HEADERS 1
| #define HAVE_SYS_TYPES_H 1
| #define HAVE_SYS_STAT_H 1
| #define HAVE_STDLIB_H 1
| #define HAVE_STRING_H 1
| #define HAVE_MEMORY_H 1
| #define HAVE_STRINGS_H 1
| #define HAVE_INTTYPES_H 1
| #define HAVE_STDINT_H 1
| #define HAVE_UNISTD_H 1
| #define __EXTENSIONS__ 1
| #define _ALL_SOURCE 1
| #define _GNU_SOURCE 1
| #define _POSIX_PTHREAD_SEMANTICS 1
| #define _TANDEM_SOURCE 1
| /* end confdefs.h.  */
| #include <stdio.h>
| #ifdef HAVE_SYS_TYPES_H
| # include <sys/types.h>
| #endif
| #ifdef HAVE_SYS_STAT_H
| # include <sys/stat.h>
| #endif
| #ifdef STDC_HEADERS
| # include <stdlib.h>
| # include <stddef.h>
| #else
| # ifdef HAVE_STDLIB_H
| #  include <stdlib.h>
| # endif
| #endif
| #ifdef HAVE_STRING_H
| # if !defined STDC_HEADERS && defined HAVE_MEMORY_H
| #  include <memory.h>
| # endif
| # include <string.h>
| #endif
| #ifdef HAVE_STRINGS_H
| # include <strings.h>
| #endif
| #ifdef HAVE_INTTYPES_H
| # include <inttypes.h>
| #endif
| #ifdef HAVE_STDINT_H
| # include <stdint.h>
| #endif
| #ifdef HAVE_UNISTD_H
| # include <unistd.h>
| #endif
| int
| main ()
| {
| if (sizeof ((off_t)))
| 	    return 0;
|   ;
|   return 0;
| }
configure:5156: result: yes
configure:5167: checking for size_t
configure:5167: gcc -c -g -O2  conftest.c >&5
configure:5167: $? = 0
configure:5167: gcc -c -g -O2  conftest.c >&5
conftest.c: In function 'main':
conftest.c:60:21: error: expected expression before ')' token
configure:5167: $? = 1
configure: failed program was:
| /* confdefs.h */
| #define PACKAGE_NAME "enigma"
| #define PACKAGE_TARNAME "enigma"
| #define PACKAGE_VERSION "1.21"
| #define PACKAGE_STRING "enigma 1.21"
| #define PACKAGE_BUGREPORT ""
| #define PACKAGE_URL ""
| #define STDC_HEADERS 1
| #define HAVE_SYS_TYPES_H 1
| #define HAVE_SYS_STAT_H 1
| #define HAVE_STDLIB_H 1
| #define HAVE_STRING_H 1
| #define HAVE_MEMORY_H 1
| #define HAVE_STRINGS_H 1
| #define HAVE_INTTYPES_H 1
| #define HAVE_STDINT_H 1
| #define HAVE_UNISTD_H 1
| #define __EXTENSIONS__ 1
| #define _ALL_SOURCE 1
| #define _GNU_SOURCE 1
| #define _POSIX_PTHREAD_SEMANTICS 1
| #define _TANDEM_SOURCE 1
| /* end confdefs.h.  */
| #include <stdio.h>
| #ifdef HAVE_SYS_TYPES_H
| # include <sys/types.h>
| #endif
| #ifdef HAVE_SYS_STAT_H
| # include <sys/stat.h>
| #endif
| #ifdef STDC_HEADERS
| # include <stdlib.h>
| # include <stddef.h>
| #else
| # ifdef HAVE_STDLIB_H
| #  include <stdlib.h>
| # endif
| #endif
| #ifdef HAVE_STRING_H
| # if !defined STDC_HEADERS && defined HAVE_MEMORY_H
| #  include <memory.h>
| # endif
| # include <string.h>
| #endif
| #ifdef HAVE_STRINGS_H
| # include <strings.h>
| #endif
| #ifdef HAVE_INTTYPES_H
| # include <inttypes.h>
| #endif
| #ifdef HAVE_STDINT_H
| # include <stdint.h>
| #endif
| #ifdef HAVE_UNISTD_H
| # include <unistd.h>
| #endif
| int
| main ()
| {
| if (sizeof ((size_t)))
| 	    return 0;
|   ;
|   return 0;
| }
configure:5167: result: yes
configure:5179: checking for long long
configure:5196: gcc -o conftest -g -O2   conftest.c  >&5
configure:5196: $? = 0
configure:5204: result: yes
configure:5213: checking for long double
configure:5245: result: yes
configure:5254: checking for wchar_t
configure:5271: gcc -c -g -O2  conftest.c >&5
configure:5271: $? = 0
configure:5278: result: yes
configure:5287: checking for wint_t
configure:5304: gcc -c -g -O2  conftest.c >&5
configure:5304: $? = 0
configure:5311: result: yes
configure:5320: checking for inttypes.h
configure:5337: gcc -c -g -O2  conftest.c >&5
configure:5337: $? = 0
configure:5344: result: yes
configure:5355: checking for stdint.h
configure:5372: gcc -c -g -O2  conftest.c >&5
configure:5372: $? = 0
configure:5379: result: yes
configure:5392: checking for intmax_t
configure:5417: gcc -c -g -O2  conftest.c >&5
configure:5417: $? = 0
configure:5424: result: yes
configure:5434: checking whether printf() supports POSIX/XSI format strings
configure:5486: result: guessing yes
configure:5498: checking for working alloca.h
configure:5515: gcc -o conftest -g -O2   conftest.c  >&5
configure:5515: $? = 0
configure:5523: result: yes
configure:5531: checking for alloca
configure:5568: gcc -o conftest -g -O2   conftest.c  >&5
configure:5568: $? = 0
configure:5576: result: yes
configure:5691: checking for stdlib.h
configure:5691: result: yes
configure:5691: checking for unistd.h
configure:5691: result: yes
configure:5691: checking for sys/param.h
configure:5691: gcc -c -g -O2  conftest.c >&5
configure:5691: $? = 0
configure:5691: result: yes
configure:5711: checking for getpagesize
configure:5711: gcc -o conftest -g -O2   conftest.c  >&5
configure:5711: $? = 0
configure:5711: result: yes
configure:5720: checking for working mmap
configure:5877: result: no
configure:5887: checking whether we are using the GNU C Library 2.1 or newer
configure:5914: result: yes
configure:5922: checking whether integer division by zero raises SIGFPE
configure:5990: result: guessing no
configure:6003: checking for unsigned long long
configure:6020: gcc -o conftest -g -O2   conftest.c  >&5
configure:6020: $? = 0
configure:6028: result: yes
configure:6056: checking for inttypes.h
configure:6074: gcc -c -g -O2  conftest.c >&5
configure:6074: $? = 0
configure:6082: result: yes
configure:6095: checking whether the inttypes.h PRIxNN macros are broken
configure:6116: gcc -c -g -O2  conftest.c >&5
configure:6116: $? = 0
configure:6124: result: no
configure:6138: checking for stdint.h
configure:6138: result: yes
configure:6148: checking for SIZE_MAX
configure:6221: result: yes
configure:6235: checking for stdint.h
configure:6235: result: yes
configure:6286: checking for ld used by GCC
configure:6350: result: /usr/bin/ld
configure:6357: checking if the linker (/usr/bin/ld) is GNU ld
configure:6370: result: yes
configure:6376: checking for shared library run path origin
configure:6389: result: done
configure:6795: checking for ptrdiff_t
configure:6795: gcc -c -g -O2  conftest.c >&5
configure:6795: $? = 0
configure:6795: gcc -c -g -O2  conftest.c >&5
conftest.c: In function 'main':
conftest.c:80:24: error: expected expression before ')' token
configure:6795: $? = 1
configure: failed program was:
| /* confdefs.h */
| #define PACKAGE_NAME "enigma"
| #define PACKAGE_TARNAME "enigma"
| #define PACKAGE_VERSION "1.21"
| #define PACKAGE_STRING "enigma 1.21"
| #define PACKAGE_BUGREPORT ""
| #define PACKAGE_URL ""
| #define STDC_HEADERS 1
| #define HAVE_SYS_TYPES_H 1
| #define HAVE_SYS_STAT_H 1
| #define HAVE_STDLIB_H 1
| #define HAVE_STRING_H 1
| #define HAVE_MEMORY_H 1
| #define HAVE_STRINGS_H 1
| #define HAVE_INTTYPES_H 1
| #define HAVE_STDINT_H 1
| #define HAVE_UNISTD_H 1
| #define __EXTENSIONS__ 1
| #define _ALL_SOURCE 1
| #define _GNU_SOURCE 1
| #define _POSIX_PTHREAD_SEMANTICS 1
| #define _TANDEM_SOURCE 1
| #define HAVE_LONG_LONG 1
| #define HAVE_LONG_DOUBLE 1
| #define HAVE_WCHAR_T 1
| #define HAVE_WINT_T 1
| #define HAVE_INTTYPES_H_WITH_UINTMAX 1
| #define HAVE_STDINT_H_WITH_UINTMAX 1
| #define HAVE_INTMAX_T 1
| #define HAVE_POSIX_PRINTF 1
| #define HAVE_ALLOCA_H 1
| #define HAVE_ALLOCA 1
| #define HAVE_STDLIB_H 1
| #define HAVE_UNISTD_H 1
| #define HAVE_SYS_PARAM_H 1
| #define HAVE_GETPAGESIZE 1
| #define INTDIV0_RAISES_SIGFPE 0
| #define HAVE_UNSIGNED_LONG_LONG 1
| #define HAVE_UINTMAX_T 1
| #define HAVE_INTTYPES_H 1
| #define HAVE_STDINT_H 1
| #define HAVE_STDINT_H 1
| /* end confdefs.h.  */
| #include <stdio.h>
| #ifdef HAVE_SYS_TYPES_H
| # include <sys/types.h>
| #endif
| #ifdef HAVE_SYS_STAT_H
| # include <sys/stat.h>
| #endif
| #ifdef STDC_HEADERS
| # include <stdlib.h>
| # include <stddef.h>
| #else
| # ifdef HAVE_STDLIB_H
| #  include <stdlib.h>
| # endif
| #endif
| #ifdef HAVE_STRING_H
| # if !defined STDC_HEADERS && defined HAVE_MEMORY_H
| #  include <memory.h>
| # endif
| # include <string.h>
| #endif
| #ifdef HAVE_STRINGS_H
| # include <strings.h>
| #endif
| #ifdef HAVE_INTTYPES_H
| # include <inttypes.h>
| #endif
| #ifdef HAVE_STDINT_H
| # include <stdint.h>
| #endif
| #ifdef HAVE_UNISTD_H
| # include <unistd.h>
| #endif
| int
| main ()
| {
| if (sizeof ((ptrdiff_t)))
| 	    return 0;
|   ;
|   return 0;
| }
configure:6795: result: yes
configure:6809: checking argz.h usability
configure:6809: gcc -c -g -O2  conftest.c >&5
configure:6809: $? = 0
configure:6809: result: yes
configure:6809: checking argz.h presence
configure:6809: gcc -E  conftest.c
configure:6809: $? = 0
configure:6809: result: yes
configure:6809: checking for argz.h
configure:6809: result: yes
configure:6809: checking limits.h usability
configure:6809: gcc -c -g -O2  conftest.c >&5
configure:6809: $? = 0
configure:6809: result: yes
configure:6809: checking limits.h presence
configure:6809: gcc -E  conftest.c
configure:6809: $? = 0
configure:6809: result: yes
configure:6809: checking for limits.h
configure:6809: result: yes
configure:6809: checking locale.h usability
configure:6809: gcc -c -g -O2  conftest.c >&5
configure:6809: $? = 0
configure:6809: result: yes
configure:6809: checking locale.h presence
configure:6809: gcc -E  conftest.c
configure:6809: $? = 0
configure:6809: result: yes
configure:6809: checking for locale.h
configure:6809: result: yes
configure:6809: checking nl_types.h usability
configure:6809: gcc -c -g -O2  conftest.c >&5
configure:6809: $? = 0
configure:6809: result: yes
configure:6809: checking nl_types.h presence
configure:6809: gcc -E  conftest.c
configure:6809: $? = 0
configure:6809: result: yes
configure:6809: checking for nl_types.h
configure:6809: result: yes
configure:6809: checking malloc.h usability
configure:6809: gcc -c -g -O2  conftest.c >&5
configure:6809: $? = 0
configure:6809: result: yes
configure:6809: checking malloc.h presence
configure:6809: gcc -E  conftest.c
configure:6809: $? = 0
configure:6809: result: yes
configure:6809: checking for malloc.h
configure:6809: result: yes
configure:6809: checking stddef.h usability
configure:6809: gcc -c -g -O2  conftest.c >&5
configure:6809: $? = 0
configure:6809: result: yes
configure:6809: checking stddef.h presence
configure:6809: gcc -E  conftest.c
configure:6809: $? = 0
configure:6809: result: yes
configure:6809: checking for stddef.h
configure:6809: result: yes
configure:6809: checking for stdlib.h
configure:6809: result: yes
configure:6809: checking for string.h
configure:6809: result: yes
configure:6809: checking for unistd.h
configure:6809: result: yes
configure:6809: checking for sys/param.h
configure:6809: result: yes
configure:6825: checking for asprintf
configure:6825: gcc -o conftest -g -O2   conftest.c  >&5
configure:6825: $? = 0
configure:6825: result: yes
configure:6825: checking for fwprintf
configure:6825: gcc -o conftest -g -O2   conftest.c  >&5
configure:6825: $? = 0
configure:6825: result: yes
configure:6825: checking for getcwd
configure:6825: gcc -o conftest -g -O2   conftest.c  >&5
configure:6825: $? = 0
configure:6825: result: yes
configure:6825: checking for getegid
configure:6825: gcc -o conftest -g -O2   conftest.c  >&5
configure:6825: $? = 0
configure:6825: result: yes
configure:6825: checking for geteuid
configure:6825: gcc -o conftest -g -O2   conftest.c  >&5
configure:6825: $? = 0
configure:6825: result: yes
configure:6825: checking for getgid
configure:6825: gcc -o conftest -g -O2   conftest.c  >&5
configure:6825: $? = 0
configure:6825: result: yes
configure:6825: checking for getuid
configure:6825: gcc -o conftest -g -O2   conftest.c  >&5
configure:6825: $? = 0
configure:6825: result: yes
configure:6825: checking for mempcpy
configure:6825: gcc -o conftest -g -O2   conftest.c  >&5
conftest.c:84:6: warning: conflicting types for built-in function 'mempcpy' [enabled by default]
configure:6825: $? = 0
configure:6825: result: yes
configure:6825: checking for munmap
configure:6825: gcc -o conftest -g -O2   conftest.c  >&5
configure:6825: $? = 0
configure:6825: result: yes
configure:6825: checking for putenv
configure:6825: gcc -o conftest -g -O2   conftest.c  >&5
configure:6825: $? = 0
configure:6825: result: yes
configure:6825: checking for setenv
configure:6825: gcc -o conftest -g -O2   conftest.c  >&5
configure:6825: $? = 0
configure:6825: result: yes
configure:6825: checking for setlocale
configure:6825: gcc -o conftest -g -O2   conftest.c  >&5
configure:6825: $? = 0
configure:6825: result: yes
configure:6825: checking for snprintf
configure:6825: gcc -o conftest -g -O2   conftest.c  >&5
conftest.c:89:6: warning: conflicting types for built-in function 'snprintf' [enabled by default]
configure:6825: $? = 0
configure:6825: result: yes
configure:6825: checking for stpcpy
configure:6825: gcc -o conftest -g -O2   conftest.c  >&5
conftest.c:90:6: warning: conflicting types for built-in function 'stpcpy' [enabled by default]
configure:6825: $? = 0
configure:6825: result: yes
configure:6825: checking for strcasecmp
configure:6825: gcc -o conftest -g -O2   conftest.c  >&5
conftest.c:91:6: warning: conflicting types for built-in function 'strcasecmp' [enabled by default]
configure:6825: $? = 0
configure:6825: result: yes
configure:6825: checking for strdup
configure:6825: gcc -o conftest -g -O2   conftest.c  >&5
conftest.c:92:6: warning: conflicting types for built-in function 'strdup' [enabled by default]
configure:6825: $? = 0
configure:6825: result: yes
configure:6825: checking for strtoul
configure:6825: gcc -o conftest -g -O2   conftest.c  >&5
configure:6825: $? = 0
configure:6825: result: yes
configure:6825: checking for tsearch
configure:6825: gcc -o conftest -g -O2   conftest.c  >&5
configure:6825: $? = 0
configure:6825: result: yes
configure:6825: checking for wcslen
configure:6825: gcc -o conftest -g -O2   conftest.c  >&5
configure:6825: $? = 0
configure:6825: result: yes
configure:6825: checking for __argz_count
configure:6825: gcc -o conftest -g -O2   conftest.c  >&5
configure:6825: $? = 0
configure:6825: result: yes
configure:6825: checking for __argz_stringify
configure:6825: gcc -o conftest -g -O2   conftest.c  >&5
configure:6825: $? = 0
configure:6825: result: yes
configure:6825: checking for __argz_next
configure:6825: gcc -o conftest -g -O2   conftest.c  >&5
configure:6825: $? = 0
configure:6825: result: yes
configure:6825: checking for __fsetlocking
configure:6825: gcc -o conftest -g -O2   conftest.c  >&5
configure:6825: $? = 0
configure:6825: result: yes
configure:6836: checking whether _snprintf is declared
configure:6856: gcc -c -g -O2  conftest.c >&5
conftest.c: In function 'main':
conftest.c:83:22: error: '_snprintf' undeclared (first use in this function)
conftest.c:83:22: note: each undeclared identifier is reported only once for each function it appears in
configure:6856: $? = 1
configure: failed program was:
| /* confdefs.h */
| #define PACKAGE_NAME "enigma"
| #define PACKAGE_TARNAME "enigma"
| #define PACKAGE_VERSION "1.21"
| #define PACKAGE_STRING "enigma 1.21"
| #define PACKAGE_BUGREPORT ""
| #define PACKAGE_URL ""
| #define STDC_HEADERS 1
| #define HAVE_SYS_TYPES_H 1
| #define HAVE_SYS_STAT_H 1
| #define HAVE_STDLIB_H 1
| #define HAVE_STRING_H 1
| #define HAVE_MEMORY_H 1
| #define HAVE_STRINGS_H 1
| #define HAVE_INTTYPES_H 1
| #define HAVE_STDINT_H 1
| #define HAVE_UNISTD_H 1
| #define __EXTENSIONS__ 1
| #define _ALL_SOURCE 1
| #define _GNU_SOURCE 1
| #define _POSIX_PTHREAD_SEMANTICS 1
| #define _TANDEM_SOURCE 1
| #define HAVE_LONG_LONG 1
| #define HAVE_LONG_DOUBLE 1
| #define HAVE_WCHAR_T 1
| #define HAVE_WINT_T 1
| #define HAVE_INTTYPES_H_WITH_UINTMAX 1
| #define HAVE_STDINT_H_WITH_UINTMAX 1
| #define HAVE_INTMAX_T 1
| #define HAVE_POSIX_PRINTF 1
| #define HAVE_ALLOCA_H 1
| #define HAVE_ALLOCA 1
| #define HAVE_STDLIB_H 1
| #define HAVE_UNISTD_H 1
| #define HAVE_SYS_PARAM_H 1
| #define HAVE_GETPAGESIZE 1
| #define INTDIV0_RAISES_SIGFPE 0
| #define HAVE_UNSIGNED_LONG_LONG 1
| #define HAVE_UINTMAX_T 1
| #define HAVE_INTTYPES_H 1
| #define HAVE_STDINT_H 1
| #define HAVE_STDINT_H 1
| #define HAVE_ARGZ_H 1
| #define HAVE_LIMITS_H 1
| #define HAVE_LOCALE_H 1
| #define HAVE_NL_TYPES_H 1
| #define HAVE_MALLOC_H 1
| #define HAVE_STDDEF_H 1
| #define HAVE_STDLIB_H 1
| #define HAVE_STRING_H 1
| #define HAVE_UNISTD_H 1
| #define HAVE_SYS_PARAM_H 1
| #define HAVE_ASPRINTF 1
| #define HAVE_FWPRINTF 1
| #define HAVE_GETCWD 1
| #define HAVE_GETEGID 1
| #define HAVE_GETEUID 1
| #define HAVE_GETGID 1
| #define HAVE_GETUID 1
| #define HAVE_MEMPCPY 1
| #define HAVE_MUNMAP 1
| #define HAVE_PUTENV 1
| #define HAVE_SETENV 1
| #define HAVE_SETLOCALE 1
| #define HAVE_SNPRINTF 1
| #define HAVE_STPCPY 1
| #define HAVE_STRCASECMP 1
| #define HAVE_STRDUP 1
| #define HAVE_STRTOUL 1
| #define HAVE_TSEARCH 1
| #define HAVE_WCSLEN 1
| #define HAVE___ARGZ_COUNT 1
| #define HAVE___ARGZ_STRINGIFY 1
| #define HAVE___ARGZ_NEXT 1
| #define HAVE___FSETLOCKING 1
| /* end confdefs.h.  */
| #include <stdio.h>
| int
| main ()
| {
| 
| #ifndef _snprintf
|   char *p = (char *) _snprintf;
| #endif
| 
|   ;
|   return 0;
| }
configure:6863: result: no
configure:6877: checking whether _snwprintf is declared
configure:6897: gcc -c -g -O2  conftest.c >&5
conftest.c: In function 'main':
conftest.c:84:22: error: '_snwprintf' undeclared (first use in this function)
conftest.c:84:22: note: each undeclared identifier is reported only once for each function it appears in
configure:6897: $? = 1
configure: failed program was:
| /* confdefs.h */
| #define PACKAGE_NAME "enigma"
| #define PACKAGE_TARNAME "enigma"
| #define PACKAGE_VERSION "1.21"
| #define PACKAGE_STRING "enigma 1.21"
| #define PACKAGE_BUGREPORT ""
| #define PACKAGE_URL ""
| #define STDC_HEADERS 1
| #define HAVE_SYS_TYPES_H 1
| #define HAVE_SYS_STAT_H 1
| #define HAVE_STDLIB_H 1
| #define HAVE_STRING_H 1
| #define HAVE_MEMORY_H 1
| #define HAVE_STRINGS_H 1
| #define HAVE_INTTYPES_H 1
| #define HAVE_STDINT_H 1
| #define HAVE_UNISTD_H 1
| #define __EXTENSIONS__ 1
| #define _ALL_SOURCE 1
| #define _GNU_SOURCE 1
| #define _POSIX_PTHREAD_SEMANTICS 1
| #define _TANDEM_SOURCE 1
| #define HAVE_LONG_LONG 1
| #define HAVE_LONG_DOUBLE 1
| #define HAVE_WCHAR_T 1
| #define HAVE_WINT_T 1
| #define HAVE_INTTYPES_H_WITH_UINTMAX 1
| #define HAVE_STDINT_H_WITH_UINTMAX 1
| #define HAVE_INTMAX_T 1
| #define HAVE_POSIX_PRINTF 1
| #define HAVE_ALLOCA_H 1
| #define HAVE_ALLOCA 1
| #define HAVE_STDLIB_H 1
| #define HAVE_UNISTD_H 1
| #define HAVE_SYS_PARAM_H 1
| #define HAVE_GETPAGESIZE 1
| #define INTDIV0_RAISES_SIGFPE 0
| #define HAVE_UNSIGNED_LONG_LONG 1
| #define HAVE_UINTMAX_T 1
| #define HAVE_INTTYPES_H 1
| #define HAVE_STDINT_H 1
| #define HAVE_STDINT_H 1
| #define HAVE_ARGZ_H 1
| #define HAVE_LIMITS_H 1
| #define HAVE_LOCALE_H 1
| #define HAVE_NL_TYPES_H 1
| #define HAVE_MALLOC_H 1
| #define HAVE_STDDEF_H 1
| #define HAVE_STDLIB_H 1
| #define HAVE_STRING_H 1
| #define HAVE_UNISTD_H 1
| #define HAVE_SYS_PARAM_H 1
| #define HAVE_ASPRINTF 1
| #define HAVE_FWPRINTF 1
| #define HAVE_GETCWD 1
| #define HAVE_GETEGID 1
| #define HAVE_GETEUID 1
| #define HAVE_GETGID 1
| #define HAVE_GETUID 1
| #define HAVE_MEMPCPY 1
| #define HAVE_MUNMAP 1
| #define HAVE_PUTENV 1
| #define HAVE_SETENV 1
| #define HAVE_SETLOCALE 1
| #define HAVE_SNPRINTF 1
| #define HAVE_STPCPY 1
| #define HAVE_STRCASECMP 1
| #define HAVE_STRDUP 1
| #define HAVE_STRTOUL 1
| #define HAVE_TSEARCH 1
| #define HAVE_WCSLEN 1
| #define HAVE___ARGZ_COUNT 1
| #define HAVE___ARGZ_STRINGIFY 1
| #define HAVE___ARGZ_NEXT 1
| #define HAVE___FSETLOCKING 1
| #define HAVE_DECL__SNPRINTF 0
| /* end confdefs.h.  */
| #include <stdio.h>
| int
| main ()
| {
| 
| #ifndef _snwprintf
|   char *p = (char *) _snwprintf;
| #endif
| 
|   ;
|   return 0;
| }
configure:6904: result: no
configure:6919: checking whether feof_unlocked is declared
configure:6939: gcc -c -g -O2  conftest.c >&5
configure:6939: $? = 0
configure:6946: result: yes
configure:6960: checking whether fgets_unlocked is declared
configure:6980: gcc -c -g -O2  conftest.c >&5
configure:6980: $? = 0
configure:6987: result: yes
configure:7001: checking whether getc_unlocked is declared
configure:7021: gcc -c -g -O2  conftest.c >&5
configure:7021: $? = 0
configure:7028: result: yes
configure:7096: checking for iconv
configure:7118: gcc -o conftest -g -O2   conftest.c  >&5
configure:7118: $? = 0
configure:7150: result: yes
configure:7171: checking for iconv declaration
configure:7200: gcc -c -g -O2  conftest.c >&5
configure:7200: $? = 0
configure:7211: result: 
         extern size_t iconv (iconv_t cd, char * *inbuf, size_t *inbytesleft, char * *outbuf, size_t *outbytesleft);
configure:7222: checking for nl_langinfo and CODESET
configure:7238: gcc -o conftest -g -O2   conftest.c  >&5
configure:7238: $? = 0
configure:7247: result: yes
configure:7257: checking for LC_MESSAGES
configure:7273: gcc -o conftest -g -O2   conftest.c  >&5
configure:7273: $? = 0
configure:7281: result: yes
configure:7295: checking for bison
configure:7311: found /usr/bin/bison
configure:7322: result: bison
configure:7336: checking version of bison
configure:7345: result: 2.5, ok
configure:7367: checking whether NLS is requested
configure:7376: result: yes
configure:7392: checking whether included gettext is requested
configure:7402: result: no
configure:7413: checking for GNU gettext in libc
configure:7432: gcc -o conftest -g -O2   conftest.c  >&5
configure:7432: $? = 0
configure:7440: result: yes
configure:7934: checking whether to use NLS
configure:7936: result: yes
configure:7939: checking where the gettext function comes from
configure:7950: result: libc
configure:8081: checking for mipsel-gcw0-linux-uclibc-gcc
configure:8108: result: gcc
configure:8377: checking for C compiler version
configure:8386: gcc --version >&5
gcc (Ubuntu/Linaro 4.6.3-1ubuntu5) 4.6.3
Copyright (C) 2011 Free Software Foundation, Inc.
This is free software; see the source for copying conditions.  There is NO
warranty; not even for MERCHANTABILITY or FITNESS FOR A PARTICULAR PURPOSE.

configure:8397: $? = 0
configure:8386: gcc -v >&5
Using built-in specs.
COLLECT_GCC=gcc
COLLECT_LTO_WRAPPER=/usr/lib/gcc/i686-linux-gnu/4.6/lto-wrapper
Target: i686-linux-gnu
Configured with: ../src/configure -v --with-pkgversion='Ubuntu/Linaro 4.6.3-1ubuntu5' --with-bugurl=file:///usr/share/doc/gcc-4.6/README.Bugs --enable-languages=c,c++,fortran,objc,obj-c++ --prefix=/usr --program-suffix=-4.6 --enable-shared --enable-linker-build-id --with-system-zlib --libexecdir=/usr/lib --without-included-gettext --enable-threads=posix --with-gxx-include-dir=/usr/include/c++/4.6 --libdir=/usr/lib --enable-nls --with-sysroot=/ --enable-clocale=gnu --enable-libstdcxx-debug --enable-libstdcxx-time=yes --enable-gnu-unique-object --enable-plugin --enable-objc-gc --enable-targets=all --disable-werror --with-arch-32=i686 --with-tune=generic --enable-checking=release --build=i686-linux-gnu --host=i686-linux-gnu --target=i686-linux-gnu
Thread model: posix
gcc version 4.6.3 (Ubuntu/Linaro 4.6.3-1ubuntu5) 
configure:8397: $? = 0
configure:8386: gcc -V >&5
gcc: error: unrecognized option '-V'
gcc: fatal error: no input files
compilation terminated.
configure:8397: $? = 4
configure:8386: gcc -qversion >&5
gcc: error: unrecognized option '-qversion'
gcc: fatal error: no input files
compilation terminated.
configure:8397: $? = 4
configure:8401: checking whether we are using the GNU C compiler
configure:8429: result: yes
configure:8438: checking whether gcc accepts -g
configure:8499: result: yes
configure:8516: checking for gcc option to accept ISO C89
configure:8593: result: none needed
configure:8615: checking dependency style of gcc
configure:8726: result: gcc3
configure:8742: checking whether gcc and cc understand -c and -o together
configure:8773: gcc -c conftest.c -o conftest2.o >&5
configure:8777: $? = 0
configure:8783: gcc -c conftest.c -o conftest2.o >&5
configure:8787: $? = 0
configure:8798: cc -c conftest.c >&5
configure:8802: $? = 0
configure:8810: cc -c conftest.c -o conftest2.o >&5
configure:8814: $? = 0
configure:8820: cc -c conftest.c -o conftest2.o >&5
configure:8824: $? = 0
configure:8842: result: yes
configure:8881: checking for mipsel-gcw0-linux-uclibc-g++
configure:8911: result: no
configure:8881: checking for mipsel-gcw0-linux-uclibc-c++
configure:8911: result: no
configure:8881: checking for mipsel-gcw0-linux-uclibc-gpp
configure:8911: result: no
configure:8881: checking for mipsel-gcw0-linux-uclibc-aCC
configure:8911: result: no
configure:8881: checking for mipsel-gcw0-linux-uclibc-CC
configure:8911: result: no
configure:8881: checking for mipsel-gcw0-linux-uclibc-cxx
configure:8911: result: no
configure:8881: checking for mipsel-gcw0-linux-uclibc-cc++
configure:8911: result: no
configure:8881: checking for mipsel-gcw0-linux-uclibc-cl.exe
configure:8911: result: no
configure:8881: checking for mipsel-gcw0-linux-uclibc-FCC
configure:8911: result: no
configure:8881: checking for mipsel-gcw0-linux-uclibc-KCC
configure:8911: result: no
configure:8881: checking for mipsel-gcw0-linux-uclibc-RCC
configure:8911: result: no
configure:8881: checking for mipsel-gcw0-linux-uclibc-xlC_r
configure:8911: result: no
configure:8881: checking for mipsel-gcw0-linux-uclibc-xlC
configure:8911: result: no
configure:8925: checking for g++
configure:8941: found /usr/bin/g++
configure:8952: result: g++
configure:8979: checking for C++ compiler version
configure:8988: g++ --version >&5
g++ (Ubuntu/Linaro 4.6.3-1ubuntu5) 4.6.3
Copyright (C) 2011 Free Software Foundation, Inc.
This is free software; see the source for copying conditions.  There is NO
warranty; not even for MERCHANTABILITY or FITNESS FOR A PARTICULAR PURPOSE.

configure:8999: $? = 0
configure:8988: g++ -v >&5
Using built-in specs.
COLLECT_GCC=g++
COLLECT_LTO_WRAPPER=/usr/lib/gcc/i686-linux-gnu/4.6/lto-wrapper
Target: i686-linux-gnu
Configured with: ../src/configure -v --with-pkgversion='Ubuntu/Linaro 4.6.3-1ubuntu5' --with-bugurl=file:///usr/share/doc/gcc-4.6/README.Bugs --enable-languages=c,c++,fortran,objc,obj-c++ --prefix=/usr --program-suffix=-4.6 --enable-shared --enable-linker-build-id --with-system-zlib --libexecdir=/usr/lib --without-included-gettext --enable-threads=posix --with-gxx-include-dir=/usr/include/c++/4.6 --libdir=/usr/lib --enable-nls --with-sysroot=/ --enable-clocale=gnu --enable-libstdcxx-debug --enable-libstdcxx-time=yes --enable-gnu-unique-object --enable-plugin --enable-objc-gc --enable-targets=all --disable-werror --with-arch-32=i686 --with-tune=generic --enable-checking=release --build=i686-linux-gnu --host=i686-linux-gnu --target=i686-linux-gnu
Thread model: posix
gcc version 4.6.3 (Ubuntu/Linaro 4.6.3-1ubuntu5) 
configure:8999: $? = 0
configure:8988: g++ -V >&5
g++: error: unrecognized option '-V'
g++: fatal error: no input files
compilation terminated.
configure:8999: $? = 4
configure:8988: g++ -qversion >&5
g++: error: unrecognized option '-qversion'
g++: fatal error: no input files
compilation terminated.
configure:8999: $? = 4
configure:9003: checking whether we are using the GNU C++ compiler
configure:9022: g++ -c   conftest.cpp >&5
configure:9022: $? = 0
configure:9031: result: yes
configure:9040: checking whether g++ accepts -g
configure:9060: g++ -c -g  conftest.cpp >&5
configure:9060: $? = 0
configure:9101: result: yes
configure:9126: checking dependency style of g++
configure:9237: result: gcc3
configure:9257: checking how to run the C preprocessor
configure:9327: result: gcc -E
configure:9347: gcc -E  conftest.c
configure:9347: $? = 0
configure:9361: gcc -E  conftest.c
conftest.c:89:28: fatal error: ac_nonexistent.h: No such file or directory
compilation terminated.
configure:9361: $? = 1
configure: failed program was:
| /* confdefs.h */
| #define PACKAGE_NAME "enigma"
| #define PACKAGE_TARNAME "enigma"
| #define PACKAGE_VERSION "1.21"
| #define PACKAGE_STRING "enigma 1.21"
| #define PACKAGE_BUGREPORT ""
| #define PACKAGE_URL ""
| #define STDC_HEADERS 1
| #define HAVE_SYS_TYPES_H 1
| #define HAVE_SYS_STAT_H 1
| #define HAVE_STDLIB_H 1
| #define HAVE_STRING_H 1
| #define HAVE_MEMORY_H 1
| #define HAVE_STRINGS_H 1
| #define HAVE_INTTYPES_H 1
| #define HAVE_STDINT_H 1
| #define HAVE_UNISTD_H 1
| #define __EXTENSIONS__ 1
| #define _ALL_SOURCE 1
| #define _GNU_SOURCE 1
| #define _POSIX_PTHREAD_SEMANTICS 1
| #define _TANDEM_SOURCE 1
| #define HAVE_LONG_LONG 1
| #define HAVE_LONG_DOUBLE 1
| #define HAVE_WCHAR_T 1
| #define HAVE_WINT_T 1
| #define HAVE_INTTYPES_H_WITH_UINTMAX 1
| #define HAVE_STDINT_H_WITH_UINTMAX 1
| #define HAVE_INTMAX_T 1
| #define HAVE_POSIX_PRINTF 1
| #define HAVE_ALLOCA_H 1
| #define HAVE_ALLOCA 1
| #define HAVE_STDLIB_H 1
| #define HAVE_UNISTD_H 1
| #define HAVE_SYS_PARAM_H 1
| #define HAVE_GETPAGESIZE 1
| #define INTDIV0_RAISES_SIGFPE 0
| #define HAVE_UNSIGNED_LONG_LONG 1
| #define HAVE_UINTMAX_T 1
| #define HAVE_INTTYPES_H 1
| #define HAVE_STDINT_H 1
| #define HAVE_STDINT_H 1
| #define HAVE_ARGZ_H 1
| #define HAVE_LIMITS_H 1
| #define HAVE_LOCALE_H 1
| #define HAVE_NL_TYPES_H 1
| #define HAVE_MALLOC_H 1
| #define HAVE_STDDEF_H 1
| #define HAVE_STDLIB_H 1
| #define HAVE_STRING_H 1
| #define HAVE_UNISTD_H 1
| #define HAVE_SYS_PARAM_H 1
| #define HAVE_ASPRINTF 1
| #define HAVE_FWPRINTF 1
| #define HAVE_GETCWD 1
| #define HAVE_GETEGID 1
| #define HAVE_GETEUID 1
| #define HAVE_GETGID 1
| #define HAVE_GETUID 1
| #define HAVE_MEMPCPY 1
| #define HAVE_MUNMAP 1
| #define HAVE_PUTENV 1
| #define HAVE_SETENV 1
| #define HAVE_SETLOCALE 1
| #define HAVE_SNPRINTF 1
| #define HAVE_STPCPY 1
| #define HAVE_STRCASECMP 1
| #define HAVE_STRDUP 1
| #define HAVE_STRTOUL 1
| #define HAVE_TSEARCH 1
| #define HAVE_WCSLEN 1
| #define HAVE___ARGZ_COUNT 1
| #define HAVE___ARGZ_STRINGIFY 1
| #define HAVE___ARGZ_NEXT 1
| #define HAVE___FSETLOCKING 1
| #define HAVE_DECL__SNPRINTF 0
| #define HAVE_DECL__SNWPRINTF 0
| #define HAVE_DECL_FEOF_UNLOCKED 1
| #define HAVE_DECL_FGETS_UNLOCKED 1
| #define HAVE_DECL_GETC_UNLOCKED 1
| #define HAVE_ICONV 1
| #define ICONV_CONST 
| #define HAVE_LANGINFO_CODESET 1
| #define HAVE_LC_MESSAGES 1
| #define ENABLE_NLS 1
| #define HAVE_GETTEXT 1
| #define HAVE_DCGETTEXT 1
| /* end confdefs.h.  */
| #include <ac_nonexistent.h>
configure:9392: checking for mipsel-gcw0-linux-uclibc-ranlib
configure:9419: result: ranlib
configure:9500: checking for texi2html
configure:9534: result: no
configure:9542: checking for pdflatex
configure:9576: result: no
configure:9584: checking for convert
configure:9618: result: no
configure:9630: checking dirent.h usability
configure:9630: gcc -c -g -O2  conftest.c >&5
configure:9630: $? = 0
configure:9630: result: yes
configure:9630: checking dirent.h presence
configure:9630: gcc -E  conftest.c
configure:9630: $? = 0
configure:9630: result: yes
configure:9630: checking for dirent.h
configure:9630: result: yes
configure:9641: checking for library containing dlopen
configure:9672: gcc -o conftest -g -O2   conftest.c  >&5
/tmp/ccwT2zeX.o: In function `main':
/home/senquack/dev/enigma/trunk/conftest.c:101: undefined reference to `dlopen'
collect2: ld returned 1 exit status
configure:9672: $? = 1
configure: failed program was:
| /* confdefs.h */
| #define PACKAGE_NAME "enigma"
| #define PACKAGE_TARNAME "enigma"
| #define PACKAGE_VERSION "1.21"
| #define PACKAGE_STRING "enigma 1.21"
| #define PACKAGE_BUGREPORT ""
| #define PACKAGE_URL ""
| #define STDC_HEADERS 1
| #define HAVE_SYS_TYPES_H 1
| #define HAVE_SYS_STAT_H 1
| #define HAVE_STDLIB_H 1
| #define HAVE_STRING_H 1
| #define HAVE_MEMORY_H 1
| #define HAVE_STRINGS_H 1
| #define HAVE_INTTYPES_H 1
| #define HAVE_STDINT_H 1
| #define HAVE_UNISTD_H 1
| #define __EXTENSIONS__ 1
| #define _ALL_SOURCE 1
| #define _GNU_SOURCE 1
| #define _POSIX_PTHREAD_SEMANTICS 1
| #define _TANDEM_SOURCE 1
| #define HAVE_LONG_LONG 1
| #define HAVE_LONG_DOUBLE 1
| #define HAVE_WCHAR_T 1
| #define HAVE_WINT_T 1
| #define HAVE_INTTYPES_H_WITH_UINTMAX 1
| #define HAVE_STDINT_H_WITH_UINTMAX 1
| #define HAVE_INTMAX_T 1
| #define HAVE_POSIX_PRINTF 1
| #define HAVE_ALLOCA_H 1
| #define HAVE_ALLOCA 1
| #define HAVE_STDLIB_H 1
| #define HAVE_UNISTD_H 1
| #define HAVE_SYS_PARAM_H 1
| #define HAVE_GETPAGESIZE 1
| #define INTDIV0_RAISES_SIGFPE 0
| #define HAVE_UNSIGNED_LONG_LONG 1
| #define HAVE_UINTMAX_T 1
| #define HAVE_INTTYPES_H 1
| #define HAVE_STDINT_H 1
| #define HAVE_STDINT_H 1
| #define HAVE_ARGZ_H 1
| #define HAVE_LIMITS_H 1
| #define HAVE_LOCALE_H 1
| #define HAVE_NL_TYPES_H 1
| #define HAVE_MALLOC_H 1
| #define HAVE_STDDEF_H 1
| #define HAVE_STDLIB_H 1
| #define HAVE_STRING_H 1
| #define HAVE_UNISTD_H 1
| #define HAVE_SYS_PARAM_H 1
| #define HAVE_ASPRINTF 1
| #define HAVE_FWPRINTF 1
| #define HAVE_GETCWD 1
| #define HAVE_GETEGID 1
| #define HAVE_GETEUID 1
| #define HAVE_GETGID 1
| #define HAVE_GETUID 1
| #define HAVE_MEMPCPY 1
| #define HAVE_MUNMAP 1
| #define HAVE_PUTENV 1
| #define HAVE_SETENV 1
| #define HAVE_SETLOCALE 1
| #define HAVE_SNPRINTF 1
| #define HAVE_STPCPY 1
| #define HAVE_STRCASECMP 1
| #define HAVE_STRDUP 1
| #define HAVE_STRTOUL 1
| #define HAVE_TSEARCH 1
| #define HAVE_WCSLEN 1
| #define HAVE___ARGZ_COUNT 1
| #define HAVE___ARGZ_STRINGIFY 1
| #define HAVE___ARGZ_NEXT 1
| #define HAVE___FSETLOCKING 1
| #define HAVE_DECL__SNPRINTF 0
| #define HAVE_DECL__SNWPRINTF 0
| #define HAVE_DECL_FEOF_UNLOCKED 1
| #define HAVE_DECL_FGETS_UNLOCKED 1
| #define HAVE_DECL_GETC_UNLOCKED 1
| #define HAVE_ICONV 1
| #define ICONV_CONST 
| #define HAVE_LANGINFO_CODESET 1
| #define HAVE_LC_MESSAGES 1
| #define ENABLE_NLS 1
| #define HAVE_GETTEXT 1
| #define HAVE_DCGETTEXT 1
| #define HAVE_DIRENT_H 1
| /* end confdefs.h.  */
| 
| /* Override any GCC internal prototype to avoid an error.
|    Use char because int might match the return type of a GCC
|    builtin and then its argument prototype would still apply.  */
| #ifdef __cplusplus
| extern "C"
| #endif
| char dlopen ();
| int
| main ()
| {
| return dlopen ();
|   ;
|   return 0;
| }
configure:9672: gcc -o conftest -g -O2   conftest.c -ldl   >&5
configure:9672: $? = 0
configure:9689: result: -ldl
configure:9794: checking for sdl-config
configure:9825: result: /opt/gcw0-toolchain/usr/mipsel-gcw0-linux-uclibc/sysroot/usr/bin/sdl-config
configure:9835: checking for SDL - version >= 1.2.0
configure:9937: result: yes
configure:10013: checking for main in -lSDL_image
configure:10058: checking for IMG_Init in -lSDL_image
configure:10083: gcc -o conftest -g -O2 -I/opt/gcw0-toolchain/usr/mipsel-gcw0-linux-uclibc/sysroot/usr/include/SDL -D_GNU_SOURCE=1 -D_REENTRANT   conftest.c -lSDL_image  -lSDL_image  >&5
configure:10083: $? = 0
configure:10092: result: yes
configure:10106: checking for main in -lSDL_mixer
configure:10125: gcc -o conftest -g -O2 -I/opt/gcw0-toolchain/usr/mipsel-gcw0-linux-uclibc/sysroot/usr/include/SDL -D_GNU_SOURCE=1 -D_REENTRANT   conftest.c -lSDL_mixer  -lSDL_image  >&5
configure:10125: $? = 0
configure:10134: result: yes
configure:10151: checking for Mix_QuickLoad_RAW in -lSDL_mixer
configure:10176: gcc -o conftest -g -O2 -I/opt/gcw0-toolchain/usr/mipsel-gcw0-linux-uclibc/sysroot/usr/include/SDL -D_GNU_SOURCE=1 -D_REENTRANT   conftest.c -lSDL_mixer  -lSDL_mixer -lSDL_image  >&5
configure:10176: $? = 0
configure:10185: result: yes
configure:10198: checking for Mix_Init in -lSDL_mixer
configure:10223: gcc -o conftest -g -O2 -I/opt/gcw0-toolchain/usr/mipsel-gcw0-linux-uclibc/sysroot/usr/include/SDL -D_GNU_SOURCE=1 -D_REENTRANT   conftest.c -lSDL_mixer  -lSDL_mixer -lSDL_image  >&5
configure:10223: $? = 0
configure:10232: result: yes
configure:10329: checking for png_create_write_struct in -lpng
configure:10354: gcc -o conftest -g -O2   conftest.c -lpng  -ldl  >&5
configure:10354: $? = 0
configure:10363: result: yes
configure:10679: checking whether to include profiling information
configure:10694: result: no
configure:10738: checking whether to include assert statements
configure:10749: result: yes
configure:10757: checking whether to optimize
configure:10773: result: no
configure:10778: checking whether to debug the game with gdb
configure:10794: result: no
configure:10799: checking whether to profile the game
configure:10815: result: no
configure:10820: checking whether to build lua using c++
configure:10831: result: yes
configure:10848: checking whether to enable warnings
configure:10867: result: no
configure:11042: creating ./config.status

## ---------------------- ##
## Running config.status. ##
## ---------------------- ##

This file was extended by enigma config.status 1.21, which was
generated by GNU Autoconf 2.68.  Invocation command line was

  CONFIG_FILES    = 
  CONFIG_HEADERS  = 
  CONFIG_LINKS    = 
  CONFIG_COMMANDS = 
  $ ./config.status 

on lappy

config.status:1089: creating Makefile
config.status:1089: creating m4/Makefile
config.status:1089: creating intl/Makefile
config.status:1089: creating data/Makefile
config.status:1089: creating data/gfx/Makefile
config.status:1089: creating data/gfx/flags25x15/Makefile
config.status:1089: creating data/gfx16/Makefile
config.status:1089: creating data/gfx32/Makefile
config.status:1089: creating data/gfx40/Makefile
config.status:1089: creating data/gfx48/Makefile
config.status:1089: creating data/gfx64/Makefile
config.status:1089: creating data/levels/Makefile
config.status:1089: creating data/levels/enigma_tutorial/Makefile
config.status:1089: creating data/levels/enigma_i/Makefile
config.status:1089: creating data/levels/enigma_ii/Makefile
config.status:1089: creating data/levels/enigma_iii/Makefile
config.status:1089: creating data/levels/enigma_iv/Makefile
config.status:1089: creating data/levels/enigma_v/Makefile
config.status:1089: creating data/levels/enigma_vi/Makefile
config.status:1089: creating data/levels/enigma_vii/Makefile
config.status:1089: creating data/levels/enigma_viii/Makefile
config.status:1089: creating data/levels/enigma_ix/Makefile
config.status:1089: creating data/levels/enigma_x/Makefile
config.status:1089: creating data/levels/enigma_cross/Makefile
config.status:1089: creating data/levels/enigma_esprit/Makefile
config.status:1089: creating data/levels/enigma_oxyd/Makefile
config.status:1089: creating data/levels/enigma_peroxyd/Makefile
config.status:1089: creating data/levels/enigma_oxydmagnum/Makefile
config.status:1089: creating data/levels/enigma_oxydextra/Makefile
config.status:1089: creating data/levels/enigma_experimental/Makefile
config.status:1089: creating data/levels/enigma_demolevels/Makefile
config.status:1089: creating data/levels/enigma_advent_10/Makefile
config.status:1089: creating data/levels/pentomino_i/Makefile
config.status:1089: creating data/levels/soko/Makefile
config.status:1089: creating data/levels/soko/skinner_microban01/Makefile
config.status:1089: creating data/levels/soko/skinner_microban02/Makefile
config.status:1089: creating data/levels/soko/skinner_microban03/Makefile
config.status:1089: creating data/levels/soko/skinner_microban04/Makefile
config.status:1089: creating data/levels/soko/skinner_microban05/Makefile
config.status:1089: creating data/levels/soko/skinner_sasquatch01/Makefile
config.status:1089: creating data/levels/soko/skinner_sasquatch02/Makefile
config.status:1089: creating data/levels/soko/skinner_sasquatch03/Makefile
config.status:1089: creating data/levels/soko/skinner_sasquatch04/Makefile
config.status:1089: creating data/levels/soko/skinner_sasquatch05/Makefile
config.status:1089: creating data/levels/soko/skinner_sasquatch06/Makefile
config.status:1089: creating data/levels/soko/skinner_sasquatch07/Makefile
config.status:1089: creating data/levels/soko/skinner_sasquatch08/Makefile
config.status:1089: creating data/levels/soko/skinner_sasquatch09/Makefile
config.status:1089: creating data/levels/soko/skinner_sasquatch10/Makefile
config.status:1089: creating data/levels/soko/skinner_sasquatch11/Makefile
config.status:1089: creating data/levels/soko/skinner_sasquatch12/Makefile
config.status:1089: creating data/levels/lib/Makefile
config.status:1089: creating data/levels/patches/Makefile
config.status:1089: creating data/fonts/Makefile
config.status:1089: creating data/music/Makefile
config.status:1089: creating data/music/game/Makefile
config.status:1089: creating data/music/menu/Makefile
config.status:1089: creating data/soundsets/Makefile
config.status:1089: creating data/soundsets/enigma/Makefile
config.status:1089: creating data/schemas/Makefile
config.status:1089: creating doc/Makefile
config.status:1089: creating doc/images/Makefile
config.status:1089: creating doc/images/flags25x15/Makefile
config.status:1089: creating doc/manual/Makefile
config.status:1089: creating doc/manual/images/Makefile
config.status:1089: creating doc/reference/Makefile
config.status:1089: creating doc/reference/images/Makefile
config.status:1089: creating etc/Makefile
config.status:1089: creating lib-src/Makefile
config.status:1089: creating lib-src/oxydlib/Makefile
config.status:1089: creating lib-src/lua/Makefile
config.status:1089: creating lib-src/enigma-core/Makefile
config.status:1089: creating src/Makefile
config.status:1089: creating tools/Makefile
config.status:1089: creating etc/enigma.spec
config.status:1089: creating etc/enigma.nsi
config.status:1089: creating etc/Info.plist
config.status:1089: creating po/Makefile.in
config.status:1089: creating etc/mingw32-dist.sh
config.status:1089: creating src/config.h
config.status:1270: src/config.h is unchanged
config.status:1318: executing depfiles commands
config.status:1318: executing default-1 commands
configure:12634: === configuring in lib-src/zipios++ (/home/senquack/dev/enigma/trunk/lib-src/zipios++)
configure:12697: running /bin/bash ./configure --disable-option-checking '--prefix=/opt/gcw0-toolchain/usr/mipsel-gcw0-linux-uclibc/sysroot/usr'  '--build=i686' '--host=mipsel-gcw0-linux-uclibc' '--includedir=/opt/gcw0-toolchain/usr/mipsel-gcw0-linux-uclibc/sysroot/usr/include' '--sysconfdir=/opt/gcw0-toolchain/etc' '--with-sysroot=/opt/gcw0-toolchain/usr/mipsel-gcw0-linux-uclibc/sysroot' '--with-sdl-exec-prefix=/opt/gcw0-toolchain/usr/mipsel-gcw0-linux-uclibc/sysroot/usr' 'build_alias=i686' 'host_alias=mipsel-gcw0-linux-uclibc' --cache-file=/dev/null --srcdir=.
configure:12634: === configuring in lib-src/enet (/home/senquack/dev/enigma/trunk/lib-src/enet)
configure:12697: running /bin/bash ./configure --disable-option-checking '--prefix=/opt/gcw0-toolchain/usr/mipsel-gcw0-linux-uclibc/sysroot/usr'  '--build=i686' '--host=mipsel-gcw0-linux-uclibc' '--includedir=/opt/gcw0-toolchain/usr/mipsel-gcw0-linux-uclibc/sysroot/usr/include' '--sysconfdir=/opt/gcw0-toolchain/etc' '--with-sysroot=/opt/gcw0-toolchain/usr/mipsel-gcw0-linux-uclibc/sysroot' '--with-sdl-exec-prefix=/opt/gcw0-toolchain/usr/mipsel-gcw0-linux-uclibc/sysroot/usr' 'build_alias=i686' 'host_alias=mipsel-gcw0-linux-uclibc' --cache-file=/dev/null --srcdir=.
configure:12726: result:

Enigma is now configured

   Source directory:    .
   Installation prefix: /opt/gcw0-toolchain/usr/mipsel-gcw0-linux-uclibc/sysroot/usr
   C++ compiler:        g++  -DENABLE_ASSERT -g -DCXXLUA
   Libraries:           -lcurl -lxerces-c -lpng -ldl 
   Linker options:      
   Languages:		de fr nl it es sv ru hu pt fi uk be el pl cs gd hr sk da

If these values seem to make sense, you can now run make.


## ---------------- ##
## Cache variables. ##
## ---------------- ##

ac_cv_build=i686-pc-none
ac_cv_c_compiler_gnu=yes
ac_cv_c_const=yes
ac_cv_c_inline=inline
ac_cv_cxx_compiler_gnu=yes
ac_cv_env_CCC_set=
ac_cv_env_CCC_value=
ac_cv_env_CC_set=
ac_cv_env_CC_value=
ac_cv_env_CFLAGS_set=
ac_cv_env_CFLAGS_value=
ac_cv_env_CPPFLAGS_set=
ac_cv_env_CPPFLAGS_value=
ac_cv_env_CPP_set=
ac_cv_env_CPP_value=
ac_cv_env_CXXFLAGS_set=
ac_cv_env_CXXFLAGS_value=
ac_cv_env_CXX_set=
ac_cv_env_CXX_value=
ac_cv_env_LDFLAGS_set=
ac_cv_env_LDFLAGS_value=
ac_cv_env_LIBS_set=
ac_cv_env_LIBS_value=
ac_cv_env_build_alias_set=set
ac_cv_env_build_alias_value=i686
ac_cv_env_host_alias_set=set
ac_cv_env_host_alias_value=mipsel-gcw0-linux-uclibc
ac_cv_env_target_alias_set=
ac_cv_env_target_alias_value=
ac_cv_func___argz_count=yes
ac_cv_func___argz_next=yes
ac_cv_func___argz_stringify=yes
ac_cv_func___fsetlocking=yes
ac_cv_func_alloca_works=yes
ac_cv_func_asprintf=yes
ac_cv_func_fwprintf=yes
ac_cv_func_getcwd=yes
ac_cv_func_getegid=yes
ac_cv_func_geteuid=yes
ac_cv_func_getgid=yes
ac_cv_func_getpagesize=yes
ac_cv_func_getuid=yes
ac_cv_func_mempcpy=yes
ac_cv_func_mmap_fixed_mapped=no
ac_cv_func_munmap=yes
ac_cv_func_putenv=yes
ac_cv_func_setenv=yes
ac_cv_func_setlocale=yes
ac_cv_func_snprintf=yes
ac_cv_func_stpcpy=yes
ac_cv_func_strcasecmp=yes
ac_cv_func_strdup=yes
ac_cv_func_strtoul=yes
ac_cv_func_tsearch=yes
ac_cv_func_wcslen=yes
ac_cv_gnu_library_2_1=yes
ac_cv_have_decl__snprintf=no
ac_cv_have_decl__snwprintf=no
ac_cv_have_decl_feof_unlocked=yes
ac_cv_have_decl_fgets_unlocked=yes
ac_cv_have_decl_getc_unlocked=yes
ac_cv_header_argz_h=yes
ac_cv_header_dirent_h=yes
ac_cv_header_inttypes_h=yes
ac_cv_header_limits_h=yes
ac_cv_header_locale_h=yes
ac_cv_header_malloc_h=yes
ac_cv_header_memory_h=yes
ac_cv_header_minix_config_h=no
ac_cv_header_nl_types_h=yes
ac_cv_header_stdc=yes
ac_cv_header_stddef_h=yes
ac_cv_header_stdint_h=yes
ac_cv_header_stdlib_h=yes
ac_cv_header_string_h=yes
ac_cv_header_strings_h=yes
ac_cv_header_sys_param_h=yes
ac_cv_header_sys_stat_h=yes
ac_cv_header_sys_types_h=yes
ac_cv_header_unistd_h=yes
ac_cv_host=mipsel-gcw0-linux-uclibc
ac_cv_lib_SDL_image_IMG_Init=yes
ac_cv_lib_SDL_image_main=yes
ac_cv_lib_SDL_mixer_Mix_Init=yes
ac_cv_lib_SDL_mixer_Mix_QuickLoad_RAW=yes
ac_cv_lib_SDL_mixer_main=yes
ac_cv_lib_SDL_ttf_main=yes
ac_cv_lib_cposix_strerror=no
ac_cv_lib_png_png_create_write_struct=yes
ac_cv_objext=o
ac_cv_path_CONVERT=
ac_cv_path_EGREP='/bin/grep -E'
ac_cv_path_GMSGFMT=:
ac_cv_path_GREP=/bin/grep
ac_cv_path_MSGFMT=:
ac_cv_path_MSGMERGE=:
ac_cv_path_PDFLATEX=
ac_cv_path_SDL_CONFIG=/opt/gcw0-toolchain/usr/mipsel-gcw0-linux-uclibc/sysroot/usr/bin/sdl-config
ac_cv_path_TEXI2HTML=
ac_cv_path_XGETTEXT=:
ac_cv_path_install='/usr/bin/install -c'
ac_cv_path_mkdir=/bin/mkdir
ac_cv_prog_AWK=mawk
ac_cv_prog_CC=gcc
ac_cv_prog_CPP='gcc -E'
ac_cv_prog_INTLBISON=bison
ac_cv_prog_RANLIB=ranlib
ac_cv_prog_ac_ct_CC=gcc
ac_cv_prog_ac_ct_CXX=g++
ac_cv_prog_ac_ct_RANLIB=ranlib
ac_cv_prog_ac_ct_STRIP=strip
ac_cv_prog_cc_c89=
ac_cv_prog_cc_g=yes
ac_cv_prog_cc_gcc_c_o=yes
ac_cv_prog_cxx_g=yes
ac_cv_prog_make_make_set=yes
ac_cv_safe_to_define___extensions__=yes
ac_cv_search_dlopen=-ldl
ac_cv_target=mipsel-gcw0-linux-uclibc
ac_cv_type_long_long=yes
ac_cv_type_off_t=yes
ac_cv_type_ptrdiff_t=yes
ac_cv_type_size_t=yes
ac_cv_type_unsigned_long_long=yes
ac_cv_working_alloca_h=yes
acl_cv_path_LD=/usr/bin/ld
acl_cv_prog_gnu_ld=yes
acl_cv_rpath=done
am_cv_CC_dependencies_compiler_type=gcc3
am_cv_CXX_dependencies_compiler_type=gcc3
am_cv_func_iconv=yes
am_cv_langinfo_codeset=yes
am_cv_lib_iconv=no
am_cv_proto_iconv='extern size_t iconv (iconv_t cd, char * *inbuf, size_t *inbytesleft, char * *outbuf, size_t *outbytesleft);'
am_cv_proto_iconv_arg1=
am_cv_val_LC_MESSAGES=yes
bh_cv_c_signed=yes
gt_cv_c_intmax_t=yes
gt_cv_c_long_double=yes
gt_cv_c_wchar_t=yes
gt_cv_c_wint_t=yes
gt_cv_func_gnugettext1_libc=yes
gt_cv_func_printf_posix='guessing yes'
gt_cv_header_inttypes_h=yes
gt_cv_int_divbyzero_sigfpe='guessing no'
gt_cv_inttypes_pri_broken=no
jm_ac_cv_header_inttypes_h=yes
jm_ac_cv_header_stdint_h=yes
nls_cv_force_use_gnu_gettext=no
nls_cv_header_intl=
nls_cv_header_libgt=
nls_cv_use_gnu_gettext=no

## ----------------- ##
## Output variables. ##
## ----------------- ##

ACLOCAL='${SHELL} /home/senquack/dev/enigma/trunk/missing --run aclocal-1.11'
ALLOCA=''
ALL_LINGUAS='de fr nl it es sv ru hu pt fi uk be el pl cs gd hr sk da'
AMDEPBACKSLASH='\'
AMDEP_FALSE='#'
AMDEP_TRUE=''
AMTAR='$${TAR-tar}'
AUTOCONF='${SHELL} /home/senquack/dev/enigma/trunk/missing --run autoconf'
AUTOHEADER='${SHELL} /home/senquack/dev/enigma/trunk/missing --run autoheader'
AUTOMAKE='${SHELL} /home/senquack/dev/enigma/trunk/missing --run automake-1.11'
AWK='mawk'
BUILDTOOLS_FALSE=''
BUILDTOOLS_TRUE='#'
BUILDTTF2BMF_FALSE=''
BUILDTTF2BMF_TRUE='#'
BUILD_INCLUDED_LIBINTL='no'
CATOBJEXT='.gmo'
CC='gcc'
CCDEPMODE='depmode=gcc3'
CFLAGS='-g -O2'
CONVERT=''
CPP='gcc -E'
CPPFLAGS=''
CXX='g++'
CXXDEPMODE='depmode=gcc3'
CXXFLAGS=' -DENABLE_ASSERT -g -DCXXLUA'
CXXLUA_FALSE='#'
CXXLUA_TRUE=''
CYGPATH_W='echo'
DATADIRNAME='share'
DEFS='-DHAVE_CONFIG_H'
DEPDIR='.deps'
ECHO_C=''
ECHO_N='-n'
ECHO_T=''
EGREP='/bin/grep -E'
EXEEXT=''
GENCAT='gencat'
GLIBC21='yes'
GMSGFMT=':'
GREP='/bin/grep'
HAVE_ASPRINTF='1'
HAVE_POSIX_PRINTF='1'
HAVE_SNPRINTF='1'
HAVE_WPRINTF='0'
INSTALL_DATA='${INSTALL} -m 644'
INSTALL_PROGRAM='${INSTALL}'
INSTALL_SCRIPT='${INSTALL}'
INSTALL_STRIP_PROGRAM='$(install_sh) -c -s'
INSTOBJEXT='.mo'
INTLBISON='bison'
INTLLIBS=''
INTLOBJS=''
INTL_LIBTOOL_SUFFIX_PREFIX=''
LDFLAGS=''
LIBICONV=''
LIBINTL=''
LIBOBJS=''
LIBS='-lcurl -lxerces-c -lpng -ldl '
LINUX_FALSE='#'
LINUX_TRUE=''
LTLIBICONV=''
LTLIBINTL=''
LTLIBOBJS=''
MAKEINFO='${SHELL} /home/senquack/dev/enigma/trunk/missing --run makeinfo'
MINGW32_FALSE=''
MINGW32_TRUE='#'
MKDIR_P='/bin/mkdir -p'
MKINSTALLDIRS='$(top_builddir)/./mkinstalldirs'
MSGFMT=':'
MSGMERGE=':'
OBJEXT='o'
PACKAGE='enigma'
PACKAGE_BUGREPORT=''
PACKAGE_NAME='enigma'
PACKAGE_STRING='enigma 1.21'
PACKAGE_TARNAME='enigma'
PACKAGE_URL=''
PACKAGE_VERSION='1.21'
PATH_SEPARATOR=':'
PDFLATEX=''
POSUB='po'
RANLIB='ranlib'
SDL_CFLAGS='-I/opt/gcw0-toolchain/usr/mipsel-gcw0-linux-uclibc/sysroot/usr/include/SDL -D_GNU_SOURCE=1 -D_REENTRANT'
SDL_CONFIG='/opt/gcw0-toolchain/usr/mipsel-gcw0-linux-uclibc/sysroot/usr/bin/sdl-config'
SDL_LIBS='-L/opt/gcw0-toolchain/usr/mipsel-gcw0-linux-uclibc/sysroot/usr/lib -lSDL -lpthread -lSDL_image -lSDL_mixer -lSDL_ttf'
SET_MAKE=''
SHELL='/bin/bash'
STRIP='strip'
TEXI2HTML=''
TOLUA='$(top_builddir)/tools/tolua'
USE_INCLUDED_LIBINTL='no'
USE_NLS='yes'
VERSION='1.21'
WINDRES='windres'
XGETTEXT=':'
ac_ct_CC='gcc'
ac_ct_CXX='g++'
am__EXEEXT_FALSE=''
am__EXEEXT_TRUE='#'
am__fastdepCC_FALSE='#'
am__fastdepCC_TRUE=''
am__fastdepCXX_FALSE='#'
am__fastdepCXX_TRUE=''
am__include='include'
am__isrc=''
am__leading_dot='.'
am__nodep='_no'
am__quote=''
am__tar='$${TAR-tar} chof - "$$tardir"'
am__untar='$${TAR-tar} xf -'
bindir='${exec_prefix}/bin'
build='i686-pc-none'
build_alias='i686'
build_cpu='i686'
build_os='none'
build_vendor='pc'
datadir='${datarootdir}'
datarootdir='${prefix}/share'
docdir='${datarootdir}/doc/${PACKAGE_TARNAME}'
dvidir='${docdir}'
exec_prefix='${prefix}'
host='mipsel-gcw0-linux-uclibc'
host_alias='mipsel-gcw0-linux-uclibc'
host_cpu='mipsel'
host_os='linux-uclibc'
host_vendor='gcw0'
htmldir='${docdir}'
includedir='/opt/gcw0-toolchain/usr/mipsel-gcw0-linux-uclibc/sysroot/usr/include'
infodir='${datarootdir}/info'
install_sh='${SHELL} /home/senquack/dev/enigma/trunk/install-sh'
libdir='${exec_prefix}/lib'
libexecdir='${exec_prefix}/libexec'
localedir='${datarootdir}/locale'
localstatedir='${prefix}/var'
mandir='${datarootdir}/man'
mkdir_p='/bin/mkdir -p'
oldincludedir='/usr/include'
pdfdir='${docdir}'
prefix='/opt/gcw0-toolchain/usr/mipsel-gcw0-linux-uclibc/sysroot/usr'
program_transform_name='s,x,x,'
psdir='${docdir}'
sbindir='${exec_prefix}/sbin'
sharedstatedir='${prefix}/com'
subdirs=' lib-src/zipios++ lib-src/enet'
sysconfdir='/opt/gcw0-toolchain/etc'
target='mipsel-gcw0-linux-uclibc'
target_alias=''
target_cpu='mipsel'
target_os='linux-uclibc'
target_vendor='gcw0'

## ----------- ##
## confdefs.h. ##
## ----------- ##

/* confdefs.h */
#define PACKAGE_NAME "enigma"
#define PACKAGE_TARNAME "enigma"
#define PACKAGE_VERSION "1.21"
#define PACKAGE_STRING "enigma 1.21"
#define PACKAGE_BUGREPORT ""
#define PACKAGE_URL ""
#define STDC_HEADERS 1
#define HAVE_SYS_TYPES_H 1
#define HAVE_SYS_STAT_H 1
#define HAVE_STDLIB_H 1
#define HAVE_STRING_H 1
#define HAVE_MEMORY_H 1
#define HAVE_STRINGS_H 1
#define HAVE_INTTYPES_H 1
#define HAVE_STDINT_H 1
#define HAVE_UNISTD_H 1
#define __EXTENSIONS__ 1
#define _ALL_SOURCE 1
#define _GNU_SOURCE 1
#define _POSIX_PTHREAD_SEMANTICS 1
#define _TANDEM_SOURCE 1
#define HAVE_LONG_LONG 1
#define HAVE_LONG_DOUBLE 1
#define HAVE_WCHAR_T 1
#define HAVE_WINT_T 1
#define HAVE_INTTYPES_H_WITH_UINTMAX 1
#define HAVE_STDINT_H_WITH_UINTMAX 1
#define HAVE_INTMAX_T 1
#define HAVE_POSIX_PRINTF 1
#define HAVE_ALLOCA_H 1
#define HAVE_ALLOCA 1
#define HAVE_STDLIB_H 1
#define HAVE_UNISTD_H 1
#define HAVE_SYS_PARAM_H 1
#define HAVE_GETPAGESIZE 1
#define INTDIV0_RAISES_SIGFPE 0
#define HAVE_UNSIGNED_LONG_LONG 1
#define HAVE_UINTMAX_T 1
#define HAVE_INTTYPES_H 1
#define HAVE_STDINT_H 1
#define HAVE_STDINT_H 1
#define HAVE_ARGZ_H 1
#define HAVE_LIMITS_H 1
#define HAVE_LOCALE_H 1
#define HAVE_NL_TYPES_H 1
#define HAVE_MALLOC_H 1
#define HAVE_STDDEF_H 1
#define HAVE_STDLIB_H 1
#define HAVE_STRING_H 1
#define HAVE_UNISTD_H 1
#define HAVE_SYS_PARAM_H 1
#define HAVE_ASPRINTF 1
#define HAVE_FWPRINTF 1
#define HAVE_GETCWD 1
#define HAVE_GETEGID 1
#define HAVE_GETEUID 1
#define HAVE_GETGID 1
#define HAVE_GETUID 1
#define HAVE_MEMPCPY 1
#define HAVE_MUNMAP 1
#define HAVE_PUTENV 1
#define HAVE_SETENV 1
#define HAVE_SETLOCALE 1
#define HAVE_SNPRINTF 1
#define HAVE_STPCPY 1
#define HAVE_STRCASECMP 1
#define HAVE_STRDUP 1
#define HAVE_STRTOUL 1
#define HAVE_TSEARCH 1
#define HAVE_WCSLEN 1
#define HAVE___ARGZ_COUNT 1
#define HAVE___ARGZ_STRINGIFY 1
#define HAVE___ARGZ_NEXT 1
#define HAVE___FSETLOCKING 1
#define HAVE_DECL__SNPRINTF 0
#define HAVE_DECL__SNWPRINTF 0
#define HAVE_DECL_FEOF_UNLOCKED 1
#define HAVE_DECL_FGETS_UNLOCKED 1
#define HAVE_DECL_GETC_UNLOCKED 1
#define HAVE_ICONV 1
#define ICONV_CONST 
#define HAVE_LANGINFO_CODESET 1
#define HAVE_LC_MESSAGES 1
#define ENABLE_NLS 1
#define HAVE_GETTEXT 1
#define HAVE_DCGETTEXT 1
#define HAVE_DIRENT_H 1
#define HAVE_LIBSDL_IMAGE 1
#define SDL_IMG_INIT /**/
#define HAVE_LIBSDL_MIXER 1
#define SDL_MIX_INIT /**/
#define HAVE_LIBSDL_TTF 1
#define HAVE_LIBPNG 1
#define HAVE_LIBXERCES_C 1
#define HAVE_LIBCURL 1

configure: exit 0
